# JRE version: OpenJDK Runtime Environment Temurin-21.0.6+7 (21.0.6+7) (build 21.0.6+7-LTS)
# Java VM: OpenJDK 64-Bit Server VM Temurin-21.0.6+7 (21.0.6+7-LTS, mixed mode, sharing, tiered, compressed oops, compressed class ptrs, parallel gc, windows-amd64)
GC Precious Log:
 CardTable entry size: 512
 CPUs: 12 total, 12 available
 Memory: 32494M
 Large Page Support: Disabled
 NUMA Support: Disabled
 Compressed Oops: Enabled (32-bit)
 Alignments: Space 512K, Generation 512K, Heap 2M
 Heap Min Capacity: 100M
 Heap Initial Capacity: 100M
 Heap Max Capacity: 1G
 Pre-touch: Disabled
 Parallel Workers: 10
Heap:
 PSYoungGen      total 4608K, used 3497K [0x00000000eab00000, 0x00000000eb080000, 0x0000000100000000)
  eden space 3584K, 78% used [0x00000000eab00000,0x00000000eadbe770,0x00000000eae80000)
  from space 1024K, 67% used [0x00000000eaf80000,0x00000000eb02c010,0x00000000eb080000)
  to   space 1024K, 0% used [0x00000000eae80000,0x00000000eae80000,0x00000000eaf80000)
 ParOldGen       total 696320K, used 291581K [0x00000000c0000000, 0x00000000ea800000, 0x00000000eab00000)
  object space 696320K, 41% used [0x00000000c0000000,0x00000000d1cbf710,0x00000000ea800000)
 Metaspace       used 62862K, committed 64320K, reserved 1114112K
  class space    used 6380K, committed 6976K, reserved 1048576K
GC Heap History (20 events):
Event: 27.353 GC heap before
{Heap before GC invocations=1000 (full 3):
 PSYoungGen      total 4608K, used 4160K [0x00000000eab00000, 0x00000000eb180000, 0x0000000100000000)
  eden space 3584K, 100% used [0x00000000eab00000,0x00000000eae80000,0x00000000eae80000)
  from space 1024K, 56% used [0x00000000eb080000,0x00000000eb110000,0x00000000eb180000)
  to   space 1024K, 0% used [0x00000000eae80000,0x00000000eae80000,0x00000000eaf80000)
 ParOldGen       total 696320K, used 286230K [0x00000000c0000000, 0x00000000ea800000, 0x00000000eab00000)
  object space 696320K, 41% used [0x00000000c0000000,0x00000000d1785a18,0x00000000ea800000)
 Metaspace       used 62690K, committed 64192K, reserved 1114112K
  class space    used 6379K, committed 6976K, reserved 1048576K
}
Event: 27.355 GC heap after
{Heap after GC invocations=1000 (full 3):
 PSYoungGen      total 4608K, used 864K [0x00000000eab00000, 0x00000000eb100000, 0x0000000100000000)
  eden space 3584K, 0% used [0x00000000eab00000,0x00000000eab00000,0x00000000eae80000)
  from space 1024K, 84% used [0x00000000eae80000,0x00000000eaf58000,0x00000000eaf80000)
  to   space 1024K, 0% used [0x00000000eb000000,0x00000000eb000000,0x00000000eb100000)
 ParOldGen       total 696320K, used 286738K [0x00000000c0000000, 0x00000000ea800000, 0x00000000eab00000)
  object space 696320K, 41% used [0x00000000c0000000,0x00000000d1804a28,0x00000000ea800000)
 Metaspace       used 62690K, committed 64192K, reserved 1114112K
  class space    used 6379K, committed 6976K, reserved 1048576K
}
Event: 27.370 GC heap before
{Heap before GC invocations=1001 (full 3):
 PSYoungGen      total 4608K, used 4448K [0x00000000eab00000, 0x00000000eb100000, 0x0000000100000000)
  eden space 3584K, 100% used [0x00000000eab00000,0x00000000eae80000,0x00000000eae80000)
  from space 1024K, 84% used [0x00000000eae80000,0x00000000eaf58000,0x00000000eaf80000)
  to   space 1024K, 0% used [0x00000000eb000000,0x00000000eb000000,0x00000000eb100000)
 ParOldGen       total 696320K, used 286738K [0x00000000c0000000, 0x00000000ea800000, 0x00000000eab00000)
  object space 696320K, 41% used [0x00000000c0000000,0x00000000d1804a28,0x00000000ea800000)
 Metaspace       used 62690K, committed 64192K, reserved 1114112K
  class space    used 6379K, committed 6976K, reserved 1048576K
}
Event: 27.372 GC heap after
{Heap after GC invocations=1001 (full 3):
 PSYoungGen      total 4608K, used 832K [0x00000000eab00000, 0x00000000eb100000, 0x0000000100000000)
  eden space 3584K, 0% used [0x00000000eab00000,0x00000000eab00000,0x00000000eae80000)
  from space 1024K, 81% used [0x00000000eb000000,0x00000000eb0d0000,0x00000000eb100000)
  to   space 1024K, 0% used [0x00000000eae80000,0x00000000eae80000,0x00000000eaf80000)
 ParOldGen       total 696320K, used 287490K [0x00000000c0000000, 0x00000000ea800000, 0x00000000eab00000)
  object space 696320K, 41% used [0x00000000c0000000,0x00000000d18c08e0,0x00000000ea800000)
 Metaspace       used 62690K, committed 64192K, reserved 1114112K
  class space    used 6379K, committed 6976K, reserved 1048576K
}
Event: 27.391 GC heap before
{Heap before GC invocations=1002 (full 3):
 PSYoungGen      total 4608K, used 4416K [0x00000000eab00000, 0x00000000eb100000, 0x0000000100000000)
  eden space 3584K, 100% used [0x00000000eab00000,0x00000000eae80000,0x00000000eae80000)
  from space 1024K, 81% used [0x00000000eb000000,0x00000000eb0d0000,0x00000000eb100000)
  to   space 1024K, 0% used [0x00000000eae80000,0x00000000eae80000,0x00000000eaf80000)
 ParOldGen       total 696320K, used 287490K [0x00000000c0000000, 0x00000000ea800000, 0x00000000eab00000)
  object space 696320K, 41% used [0x00000000c0000000,0x00000000d18c08e0,0x00000000ea800000)
 Metaspace       used 62745K, committed 64192K, reserved 1114112K
  class space    used 6379K, committed 6976K, reserved 1048576K
}
Event: 27.393 GC heap after
{Heap after GC invocations=1002 (full 3):
 PSYoungGen      total 4608K, used 752K [0x00000000eab00000, 0x00000000eb080000, 0x0000000100000000)
  eden space 3584K, 0% used [0x00000000eab00000,0x00000000eab00000,0x00000000eae80000)
  from space 1024K, 73% used [0x00000000eae80000,0x00000000eaf3c010,0x00000000eaf80000)
  to   space 1024K, 0% used [0x00000000eaf80000,0x00000000eaf80000,0x00000000eb080000)
 ParOldGen       total 696320K, used 288210K [0x00000000c0000000, 0x00000000ea800000, 0x00000000eab00000)
  object space 696320K, 41% used [0x00000000c0000000,0x00000000d19748e0,0x00000000ea800000)
 Metaspace       used 62745K, committed 64192K, reserved 1114112K
  class space    used 6379K, committed 6976K, reserved 1048576K
}
Event: 27.417 GC heap before
{Heap before GC invocations=1003 (full 3):
 PSYoungGen      total 4608K, used 4336K [0x00000000eab00000, 0x00000000eb080000, 0x0000000100000000)
  eden space 3584K, 100% used [0x00000000eab00000,0x00000000eae80000,0x00000000eae80000)
  from space 1024K, 73% used [0x00000000eae80000,0x00000000eaf3c010,0x00000000eaf80000)
  to   space 1024K, 0% used [0x00000000eaf80000,0x00000000eaf80000,0x00000000eb080000)
 ParOldGen       total 696320K, used 288210K [0x00000000c0000000, 0x00000000ea800000, 0x00000000eab00000)
  object space 696320K, 41% used [0x00000000c0000000,0x00000000d19748e0,0x00000000ea800000)
 Metaspace       used 62760K, committed 64256K, reserved 1114112K
  class space    used 6379K, committed 6976K, reserved 1048576K
}
Event: 27.418 GC heap after
{Heap after GC invocations=1003 (full 3):
 PSYoungGen      total 4608K, used 576K [0x00000000eab00000, 0x00000000eb080000, 0x0000000100000000)
  eden space 3584K, 0% used [0x00000000eab00000,0x00000000eab00000,0x00000000eae80000)
  from space 1024K, 56% used [0x00000000eaf80000,0x00000000eb010000,0x00000000eb080000)
  to   space 1024K, 0% used [0x00000000eae80000,0x00000000eae80000,0x00000000eaf80000)
 ParOldGen       total 696320K, used 288600K [0x00000000c0000000, 0x00000000ea800000, 0x00000000eab00000)
  object space 696320K, 41% used [0x00000000c0000000,0x00000000d19d6060,0x00000000ea800000)
 Metaspace       used 62760K, committed 64256K, reserved 1114112K
  class space    used 6379K, committed 6976K, reserved 1048576K
}
Event: 27.439 GC heap before
{Heap before GC invocations=1004 (full 3):
 PSYoungGen      total 4608K, used 4160K [0x00000000eab00000, 0x00000000eb080000, 0x0000000100000000)
  eden space 3584K, 100% used [0x00000000eab00000,0x00000000eae80000,0x00000000eae80000)
  from space 1024K, 56% used [0x00000000eaf80000,0x00000000eb010000,0x00000000eb080000)
  to   space 1024K, 0% used [0x00000000eae80000,0x00000000eae80000,0x00000000eaf80000)
 ParOldGen       total 696320K, used 288600K [0x00000000c0000000, 0x00000000ea800000, 0x00000000eab00000)
  object space 696320K, 41% used [0x00000000c0000000,0x00000000d19d6060,0x00000000ea800000)
 Metaspace       used 62785K, committed 64256K, reserved 1114112K
  class space    used 6379K, committed 6976K, reserved 1048576K
}
Event: 27.440 GC heap after
{Heap after GC invocations=1004 (full 3):
 PSYoungGen      total 4608K, used 736K [0x00000000eab00000, 0x00000000eb080000, 0x0000000100000000)
  eden space 3584K, 0% used [0x00000000eab00000,0x00000000eab00000,0x00000000eae80000)
  from space 1024K, 71% used [0x00000000eae80000,0x00000000eaf38000,0x00000000eaf80000)
  to   space 1024K, 0% used [0x00000000eaf80000,0x00000000eaf80000,0x00000000eb080000)
 ParOldGen       total 696320K, used 288720K [0x00000000c0000000, 0x00000000ea800000, 0x00000000eab00000)
  object space 696320K, 41% used [0x00000000c0000000,0x00000000d19f4060,0x00000000ea800000)
 Metaspace       used 62785K, committed 64256K, reserved 1114112K
  class space    used 6379K, committed 6976K, reserved 1048576K
}
Event: 27.448 GC heap before
{Heap before GC invocations=1005 (full 3):
 PSYoungGen      total 4608K, used 4320K [0x00000000eab00000, 0x00000000eb080000, 0x0000000100000000)
  eden space 3584K, 100% used [0x00000000eab00000,0x00000000eae80000,0x00000000eae80000)
  from space 1024K, 71% used [0x00000000eae80000,0x00000000eaf38000,0x00000000eaf80000)
  to   space 1024K, 0% used [0x00000000eaf80000,0x00000000eaf80000,0x00000000eb080000)
 ParOldGen       total 696320K, used 288720K [0x00000000c0000000, 0x00000000ea800000, 0x00000000eab00000)
  object space 696320K, 41% used [0x00000000c0000000,0x00000000d19f4060,0x00000000ea800000)
 Metaspace       used 62785K, committed 64256K, reserved 1114112K
  class space    used 6379K, committed 6976K, reserved 1048576K
}
Event: 27.449 GC heap after
{Heap after GC invocations=1005 (full 3):
 PSYoungGen      total 4608K, used 608K [0x00000000eab00000, 0x00000000eb080000, 0x0000000100000000)
  eden space 3584K, 0% used [0x00000000eab00000,0x00000000eab00000,0x00000000eae80000)
  from space 1024K, 59% used [0x00000000eaf80000,0x00000000eb018000,0x00000000eb080000)
  to   space 1024K, 0% used [0x00000000eae80000,0x00000000eae80000,0x00000000eaf80000)
 ParOldGen       total 696320K, used 289287K [0x00000000c0000000, 0x00000000ea800000, 0x00000000eab00000)
  object space 696320K, 41% used [0x00000000c0000000,0x00000000d1a81ff8,0x00000000ea800000)
 Metaspace       used 62785K, committed 64256K, reserved 1114112K
  class space    used 6379K, committed 6976K, reserved 1048576K
}
Event: 27.461 GC heap before
{Heap before GC invocations=1006 (full 3):
 PSYoungGen      total 4608K, used 4192K [0x00000000eab00000, 0x00000000eb080000, 0x0000000100000000)
  eden space 3584K, 100% used [0x00000000eab00000,0x00000000eae80000,0x00000000eae80000)
  from space 1024K, 59% used [0x00000000eaf80000,0x00000000eb018000,0x00000000eb080000)
  to   space 1024K, 0% used [0x00000000eae80000,0x00000000eae80000,0x00000000eaf80000)
 ParOldGen       total 696320K, used 289287K [0x00000000c0000000, 0x00000000ea800000, 0x00000000eab00000)
  object space 696320K, 41% used [0x00000000c0000000,0x00000000d1a81ff8,0x00000000ea800000)
 Metaspace       used 62797K, committed 64256K, reserved 1114112K
  class space    used 6379K, committed 6976K, reserved 1048576K
}
Event: 27.463 GC heap after
{Heap after GC invocations=1006 (full 3):
 PSYoungGen      total 4608K, used 768K [0x00000000eab00000, 0x00000000eb080000, 0x0000000100000000)
  eden space 3584K, 0% used [0x00000000eab00000,0x00000000eab00000,0x00000000eae80000)
  from space 1024K, 75% used [0x00000000eae80000,0x00000000eaf40000,0x00000000eaf80000)
  to   space 1024K, 0% used [0x00000000eaf80000,0x00000000eaf80000,0x00000000eb080000)
 ParOldGen       total 696320K, used 289775K [0x00000000c0000000, 0x00000000ea800000, 0x00000000eab00000)
  object space 696320K, 41% used [0x00000000c0000000,0x00000000d1afbff8,0x00000000ea800000)
 Metaspace       used 62797K, committed 64256K, reserved 1114112K
  class space    used 6379K, committed 6976K, reserved 1048576K
}
Event: 27.476 GC heap before
{Heap before GC invocations=1007 (full 3):
 PSYoungGen      total 4608K, used 4352K [0x00000000eab00000, 0x00000000eb080000, 0x0000000100000000)
  eden space 3584K, 100% used [0x00000000eab00000,0x00000000eae80000,0x00000000eae80000)
  from space 1024K, 75% used [0x00000000eae80000,0x00000000eaf40000,0x00000000eaf80000)
  to   space 1024K, 0% used [0x00000000eaf80000,0x00000000eaf80000,0x00000000eb080000)
 ParOldGen       total 696320K, used 289775K [0x00000000c0000000, 0x00000000ea800000, 0x00000000eab00000)
  object space 696320K, 41% used [0x00000000c0000000,0x00000000d1afbff8,0x00000000ea800000)
 Metaspace       used 62845K, committed 64320K, reserved 1114112K
  class space    used 6380K, committed 6976K, reserved 1048576K
}
Event: 27.477 GC heap after
{Heap after GC invocations=1007 (full 3):
 PSYoungGen      total 4608K, used 816K [0x00000000eab00000, 0x00000000eb080000, 0x0000000100000000)
  eden space 3584K, 0% used [0x00000000eab00000,0x00000000eab00000,0x00000000eae80000)
  from space 1024K, 79% used [0x00000000eaf80000,0x00000000eb04c010,0x00000000eb080000)
  to   space 1024K, 0% used [0x00000000eae80000,0x00000000eae80000,0x00000000eaf80000)
 ParOldGen       total 696320K, used 290311K [0x00000000c0000000, 0x00000000ea800000, 0x00000000eab00000)
  object space 696320K, 41% used [0x00000000c0000000,0x00000000d1b81ff8,0x00000000ea800000)
 Metaspace       used 62845K, committed 64320K, reserved 1114112K
  class space    used 6380K, committed 6976K, reserved 1048576K
}
Event: 27.486 GC heap before
{Heap before GC invocations=1008 (full 3):
 PSYoungGen      total 4608K, used 4400K [0x00000000eab00000, 0x00000000eb080000, 0x0000000100000000)
  eden space 3584K, 100% used [0x00000000eab00000,0x00000000eae80000,0x00000000eae80000)
  from space 1024K, 79% used [0x00000000eaf80000,0x00000000eb04c010,0x00000000eb080000)
  to   space 1024K, 0% used [0x00000000eae80000,0x00000000eae80000,0x00000000eaf80000)
 ParOldGen       total 696320K, used 290311K [0x00000000c0000000, 0x00000000ea800000, 0x00000000eab00000)
  object space 696320K, 41% used [0x00000000c0000000,0x00000000d1b81ff8,0x00000000ea800000)
 Metaspace       used 62845K, committed 64320K, reserved 1114112K
  class space    used 6380K, committed 6976K, reserved 1048576K
}
Event: 27.487 GC heap after
{Heap after GC invocations=1008 (full 3):
 PSYoungGen      total 4608K, used 736K [0x00000000eab00000, 0x00000000eb080000, 0x0000000100000000)
  eden space 3584K, 0% used [0x00000000eab00000,0x00000000eab00000,0x00000000eae80000)
  from space 1024K, 71% used [0x00000000eae80000,0x00000000eaf38000,0x00000000eaf80000)
  to   space 1024K, 0% used [0x00000000eaf80000,0x00000000eaf80000,0x00000000eb080000)
 ParOldGen       total 696320K, used 291005K [0x00000000c0000000, 0x00000000ea800000, 0x00000000eab00000)
  object space 696320K, 41% used [0x00000000c0000000,0x00000000d1c2f710,0x00000000ea800000)
 Metaspace       used 62845K, committed 64320K, reserved 1114112K
  class space    used 6380K, committed 6976K, reserved 1048576K
}
Event: 27.501 GC heap before
{Heap before GC invocations=1009 (full 3):
 PSYoungGen      total 4608K, used 4320K [0x00000000eab00000, 0x00000000eb080000, 0x0000000100000000)
  eden space 3584K, 100% used [0x00000000eab00000,0x00000000eae80000,0x00000000eae80000)
  from space 1024K, 71% used [0x00000000eae80000,0x00000000eaf38000,0x00000000eaf80000)
  to   space 1024K, 0% used [0x00000000eaf80000,0x00000000eaf80000,0x00000000eb080000)
 ParOldGen       total 696320K, used 291005K [0x00000000c0000000, 0x00000000ea800000, 0x00000000eab00000)
  object space 696320K, 41% used [0x00000000c0000000,0x00000000d1c2f710,0x00000000ea800000)
 Metaspace       used 62852K, committed 64320K, reserved 1114112K
  class space    used 6380K, committed 6976K, reserved 1048576K
}
Event: 27.503 GC heap after
{Heap after GC invocations=1009 (full 3):
 PSYoungGen      total 4608K, used 688K [0x00000000eab00000, 0x00000000eb080000, 0x0000000100000000)
  eden space 3584K, 0% used [0x00000000eab00000,0x00000000eab00000,0x00000000eae80000)
  from space 1024K, 67% used [0x00000000eaf80000,0x00000000eb02c010,0x00000000eb080000)
  to   space 1024K, 0% used [0x00000000eae80000,0x00000000eae80000,0x00000000eaf80000)
 ParOldGen       total 696320K, used 291581K [0x00000000c0000000, 0x00000000ea800000, 0x00000000eab00000)
  object space 696320K, 41% used [0x00000000c0000000,0x00000000d1cbf710,0x00000000ea800000)
 Metaspace       used 62852K, committed 64320K, reserved 1114112K
  class space    used 6380K, committed 6976K, reserved 1048576K
}

